[2021-04-25 02:40:06] main.DEBUG: array (
  'url' => 'https://sandbox.moip.com.br/v2/orders',
  'request' => '{"ownId":"000000009","amount":{"currency":"USD","total":5400,"subtotals":{"shipping":500,"discount":-0,"addition":0}},"items":[{"product":"Hero Hoodie","quantity":1,"detail":"MH07-S-Black","price":5400}],"customer":{"taxDocument":{"type":"CPF","number":"40107347873"},"ownId":"srjuliocesart@gmail.com","fullname":"Julio","company":"Teste","phone":{"countryCode":55,"areaCode":18,"number":981783285},"email":"srjuliocesart@gmail.com","birthDate":"1985-10-10","billingAddresses":{"zipCode":"16011073","street":"Rua Goulart 155","streetNumber":"","district":"","complement":"Rua Goulart 155","city":"Ara\\u00e7atuba","state":"SP","country":"BRA"},"shippingAddress":{"zipCode":"16011073","street":"Rua Goulart 155","streetNumber":"","district":"","complement":"Rua Goulart 155","city":"Ara\\u00e7atuba","state":"SP","country":"BRA"}},"device":{"ip":"172.20.0.12","userAgent":"Mozilla\\/5.0 (X11; Linux x86_64) AppleWebKit\\/537.36 (KHTML, like Gecko) Chrome\\/89.0.4389.128 Safari\\/537.36"}}',
  'response' => '{ "ERROR" : "Token or Key are invalids" }',
) [] []
[2021-04-25 02:43:54] main.DEBUG: array (
  'url' => 'https://sandbox.moip.com.br/v2/orders',
  'request' => '{"ownId":"000000010","amount":{"currency":"USD","total":5400,"subtotals":{"shipping":500,"discount":-0,"addition":0}},"items":[{"product":"Hero Hoodie","quantity":1,"detail":"MH07-S-Black","price":5400}],"customer":{"taxDocument":{"type":"CPF","number":"40107347873"},"ownId":"srjuliocesart@gmail.com","fullname":"Julio","company":"Teste","phone":{"countryCode":55,"areaCode":18,"number":981783285},"email":"srjuliocesart@gmail.com","birthDate":"1985-10-10","billingAddresses":{"zipCode":"16011073","street":"Rua Goulart 155","streetNumber":"","district":"","complement":"Rua Goulart 155","city":"Ara\\u00e7atuba","state":"SP","country":"BRA"},"shippingAddress":{"zipCode":"16011073","street":"Rua Goulart 155","streetNumber":"","district":"","complement":"Rua Goulart 155","city":"Ara\\u00e7atuba","state":"SP","country":"BRA"}},"device":{"ip":"172.20.0.12","userAgent":"Mozilla\\/5.0 (X11; Linux x86_64) AppleWebKit\\/537.36 (KHTML, like Gecko) Chrome\\/89.0.4389.128 Safari\\/537.36"}}',
  'response' => '{ "ERROR" : "Token or Key are invalids" }',
) [] []
[2021-04-25 02:55:56] main.DEBUG: array (
  'url' => 'https://sandbox.moip.com.br/v2/orders',
  'request' => '{"ownId":"000000011","amount":{"currency":"USD","total":5400,"subtotals":{"shipping":500,"discount":-0,"addition":0}},"items":[{"product":"Hero Hoodie","quantity":1,"detail":"MH07-S-Black","price":5400}],"customer":{"taxDocument":{"type":"CPF","number":"40107347873"},"ownId":"srjuliocesart@gmail.com","fullname":"Julio","company":"","phone":{"countryCode":55,"areaCode":18,"number":989898989},"email":"srjuliocesart@gmail.com","birthDate":"1985-10-10","billingAddresses":{"zipCode":"16011073","street":"Rua Goulart 155","streetNumber":"","district":"","complement":"Rua Goulart 155","city":"Ara\\u00e7atuba","state":"SP","country":"BRA"},"shippingAddress":{"zipCode":"16011073","street":"Rua Goulart 155","streetNumber":"","district":"","complement":"Rua Goulart 155","city":"Ara\\u00e7atuba","state":"SP","country":"BRA"}},"device":{"ip":"172.20.0.12","userAgent":"Mozilla\\/5.0 (X11; Linux x86_64) AppleWebKit\\/537.36 (KHTML, like Gecko) Chrome\\/89.0.4389.128 Safari\\/537.36"}}',
  'response' => '{ "ERROR" : "Token or Key are invalids" }',
) [] []
[2021-04-25 02:57:47] main.DEBUG: array (
  'url' => 'https://sandbox.moip.com.br/v2/orders',
  'request' => '{"ownId":"000000012","amount":{"currency":"USD","total":5400,"subtotals":{"shipping":500,"discount":-0,"addition":0}},"items":[{"product":"Hero Hoodie","quantity":1,"detail":"MH07-S-Black","price":5400}],"customer":{"taxDocument":{"type":"CPF","number":"40107347873"},"ownId":"srjuliocesart@gmail.com","fullname":"Julio","company":"","phone":{"countryCode":55,"areaCode":18,"number":989898989},"email":"srjuliocesart@gmail.com","birthDate":"1985-10-10","billingAddresses":{"zipCode":"16011073","street":"Rua Goulart 155","streetNumber":"","district":"","complement":"Rua Goulart 155","city":"Ara\\u00e7atuba","state":"SP","country":"BRA"},"shippingAddress":{"zipCode":"16011073","street":"Rua Goulart 155","streetNumber":"","district":"","complement":"Rua Goulart 155","city":"Ara\\u00e7atuba","state":"SP","country":"BRA"}},"device":{"ip":"172.20.0.12","userAgent":"Mozilla\\/5.0 (X11; Linux x86_64) AppleWebKit\\/537.36 (KHTML, like Gecko) Chrome\\/89.0.4389.128 Safari\\/537.36"}}',
  'response' => '{ "ERROR" : "Token or Key are invalids" }',
) [] []
[2021-04-25 02:58:23] main.DEBUG: array (
  'url' => 'https://sandbox.moip.com.br/v2/orders',
  'request' => '{"ownId":"000000013","amount":{"currency":"USD","total":5400,"subtotals":{"shipping":500,"discount":-0,"addition":0}},"items":[{"product":"Hero Hoodie","quantity":1,"detail":"MH07-S-Black","price":5400}],"customer":{"taxDocument":{"type":"CPF","number":"40107347873"},"ownId":"srjuliocesart@gmail.com","fullname":"Julio","company":"","phone":{"countryCode":55,"areaCode":18,"number":989898989},"email":"srjuliocesart@gmail.com","birthDate":"1985-10-10","billingAddresses":{"zipCode":"16011073","street":"Rua Goulart 155","streetNumber":"","district":"","complement":"Rua Goulart 155","city":"Ara\\u00e7atuba","state":"SP","country":"BRA"},"shippingAddress":{"zipCode":"16011073","street":"Rua Goulart 155","streetNumber":"","district":"","complement":"Rua Goulart 155","city":"Ara\\u00e7atuba","state":"SP","country":"BRA"}},"device":{"ip":"172.20.0.12","userAgent":"Mozilla\\/5.0 (X11; Linux x86_64) AppleWebKit\\/537.36 (KHTML, like Gecko) Chrome\\/89.0.4389.128 Safari\\/537.36"}}',
  'response' => '{ "ERROR" : "Token or Key are invalids" }',
) [] []
[2021-04-25 03:10:09] main.DEBUG: array (
  'url' => 'https://sandbox.moip.com.br/v2/orders',
  'request' => '{"ownId":"000000014","amount":{"currency":"USD","total":5400,"subtotals":{"shipping":500,"discount":-0,"addition":0}},"items":[{"product":"Hero Hoodie","quantity":1,"detail":"MH07-S-Black","price":5400}],"customer":{"taxDocument":{"type":"CPF","number":"40107347873"},"ownId":"srjuliocesart@gmail.com","fullname":"Julio","company":"","phone":{"countryCode":55,"areaCode":18,"number":989898989},"email":"srjuliocesart@gmail.com","birthDate":"1985-10-10","billingAddresses":{"zipCode":"16011073","street":"Rua Goulart 155","streetNumber":"","district":"","complement":"Rua Goulart 155","city":"Ara\\u00e7atuba","state":"SP","country":"BRA"},"shippingAddress":{"zipCode":"16011073","street":"Rua Goulart 155","streetNumber":"","district":"","complement":"Rua Goulart 155","city":"Ara\\u00e7atuba","state":"SP","country":"BRA"}},"device":{"ip":"172.20.0.12","userAgent":"Mozilla\\/5.0 (X11; Linux x86_64) AppleWebKit\\/537.36 (KHTML, like Gecko) Chrome\\/89.0.4389.128 Safari\\/537.36"}}',
  'response' => '{ "ERROR" : "Token or Key are invalids" }',
) [] []
[2021-04-25 16:31:58] main.DEBUG: array (
  'url' => 'https://sandbox.moip.com.br/v2/orders',
  'request' => '{"ownId":"000000015","amount":{"currency":"USD","total":2200,"subtotals":{"shipping":500,"discount":-0,"addition":0}},"items":[{"product":"Argus All-Weather Tank","quantity":1,"detail":"MT07-M-Gray","price":2200}],"customer":{"taxDocument":{"type":"CPF","number":"40107347873"},"ownId":"srjuliocesart@gmail.com","fullname":"Julio Pinheiro","company":"","phone":{"countryCode":55,"areaCode":18,"number":989898989},"email":"srjuliocesart@gmail.com","birthDate":"1985-10-10","billingAddresses":{"zipCode":"16011073","street":"Rua Goulart 155","streetNumber":"","district":"","complement":"Rua Goulart 155","city":"Ara\\u00e7atuba","state":"SP","country":"BRA"},"shippingAddress":{"zipCode":"16011073","street":"Rua Goulart 155","streetNumber":"","district":"","complement":"Rua Goulart 155","city":"Ara\\u00e7atuba","state":"SP","country":"BRA"}},"device":{"ip":"172.20.0.12","userAgent":"Mozilla\\/5.0 (X11; Linux x86_64) AppleWebKit\\/537.36 (KHTML, like Gecko) Chrome\\/89.0.4389.128 Safari\\/537.36"}}',
  'response' => '{ "ERROR" : "Token or Key are invalids" }',
) [] []
[2021-04-25 16:34:39] main.DEBUG: array (
  'url' => 'https://sandbox.moip.com.br/v2/orders',
  'request' => '{"ownId":"000000016","amount":{"currency":"USD","total":2200,"subtotals":{"shipping":500,"discount":-0,"addition":0}},"items":[{"product":"Argus All-Weather Tank","quantity":1,"detail":"MT07-M-Gray","price":2200}],"customer":{"taxDocument":{"type":"CPF","number":"40107347873"},"ownId":"srjuliocesart@gmail.com","fullname":"Julio Pinheiro","company":"","phone":{"countryCode":55,"areaCode":18,"number":989898989},"email":"srjuliocesart@gmail.com","birthDate":"1985-10-10","billingAddresses":{"zipCode":"16011073","street":"Rua Goulart 155","streetNumber":"","district":"","complement":"Rua Goulart 155","city":"Ara\\u00e7atuba","state":"SP","country":"BRA"},"shippingAddress":{"zipCode":"16011073","street":"Rua Goulart 155","streetNumber":"","district":"","complement":"Rua Goulart 155","city":"Ara\\u00e7atuba","state":"SP","country":"BRA"}},"device":{"ip":"172.20.0.12","userAgent":"Mozilla\\/5.0 (X11; Linux x86_64) AppleWebKit\\/537.36 (KHTML, like Gecko) Chrome\\/89.0.4389.128 Safari\\/537.36"}}',
  'response' => '{ "ERROR" : "Token or Key are invalids" }',
) [] []
[2021-04-25 18:24:30] main.DEBUG: array (
  'url' => 'https://sandbox.moip.com.br/v2/orders',
  'request' => '{"ownId":"000000017","amount":{"currency":"USD","total":2200,"subtotals":{"shipping":500,"discount":-0,"addition":0}},"items":[{"product":"Argus All-Weather Tank","quantity":1,"detail":"MT07-M-Gray","price":2200}],"customer":{"taxDocument":{"type":"CPF","number":"40107347873"},"ownId":"srjuliocesart@gmail.com","fullname":"Julio Pinheiro","company":"","phone":{"countryCode":55,"areaCode":18,"number":989898989},"email":"srjuliocesart@gmail.com","birthDate":"1985-10-10","billingAddresses":{"zipCode":"16011073","street":"Rua Goulart 155","streetNumber":"","district":"","complement":"Rua Goulart 155","city":"Ara\\u00e7atuba","state":"SP","country":"BRA"},"shippingAddress":{"zipCode":"16011073","street":"Rua Goulart 155","streetNumber":"","district":"","complement":"Rua Goulart 155","city":"Ara\\u00e7atuba","state":"SP","country":"BRA"}},"device":{"ip":"172.20.0.12","userAgent":"Mozilla\\/5.0 (X11; Linux x86_64) AppleWebKit\\/537.36 (KHTML, like Gecko) Chrome\\/89.0.4389.128 Safari\\/537.36"}}',
  'response' => '{ "ERROR" : "Token or Key are invalids" }',
) [] []
[2021-04-25 18:25:16] main.DEBUG: array (
  'url' => 'https://sandbox.moip.com.br/v2/orders',
  'request' => '{"ownId":"000000018","amount":{"currency":"USD","total":2200,"subtotals":{"shipping":500,"discount":-0,"addition":0}},"items":[{"product":"Argus All-Weather Tank","quantity":1,"detail":"MT07-M-Gray","price":2200}],"customer":{"taxDocument":{"type":"CPF","number":"40107347873"},"ownId":"srjuliocesart@gmail.com","fullname":"Julio Pinheiro","company":"","phone":{"countryCode":55,"areaCode":18,"number":989898989},"email":"srjuliocesart@gmail.com","birthDate":"1985-10-10","billingAddresses":{"zipCode":"16011073","street":"Rua Goulart 155","streetNumber":"","district":"","complement":"Rua Goulart 155","city":"Ara\\u00e7atuba","state":"SP","country":"BRA"},"shippingAddress":{"zipCode":"16011073","street":"Rua Goulart 155","streetNumber":"","district":"","complement":"Rua Goulart 155","city":"Ara\\u00e7atuba","state":"SP","country":"BRA"}},"device":{"ip":"172.20.0.12","userAgent":"Mozilla\\/5.0 (X11; Linux x86_64) AppleWebKit\\/537.36 (KHTML, like Gecko) Chrome\\/89.0.4389.128 Safari\\/537.36"}}',
  'response' => '{ "ERROR" : "Token or Key are invalids" }',
) [] []
[2021-04-25 18:40:46] main.DEBUG: array (
  'url' => 'https://sandbox.moip.com.br/v2/orders',
  'request' => '{"ownId":"000000019","amount":{"currency":"USD","total":2200,"subtotals":{"shipping":500,"discount":-0,"addition":0}},"items":[{"product":"Argus All-Weather Tank","quantity":1,"detail":"MT07-M-Gray","price":2200}],"customer":{"taxDocument":{"type":"CPF","number":"40107347873"},"ownId":"srjuliocesart@gmail.com","fullname":"Julio Pinheiro","company":"","phone":{"countryCode":55,"areaCode":18,"number":989898989},"email":"srjuliocesart@gmail.com","birthDate":"1985-10-10","billingAddresses":{"zipCode":"16011073","street":"Rua Goulart 155","streetNumber":"","district":"","complement":"Rua Goulart 155","city":"Ara\\u00e7atuba","state":"SP","country":"BRA"},"shippingAddress":{"zipCode":"16011073","street":"Rua Goulart 155","streetNumber":"","district":"","complement":"Rua Goulart 155","city":"Ara\\u00e7atuba","state":"SP","country":"BRA"}},"device":{"ip":"172.20.0.12","userAgent":"Mozilla\\/5.0 (X11; Linux x86_64) AppleWebKit\\/537.36 (KHTML, like Gecko) Chrome\\/89.0.4389.128 Safari\\/537.36"}}',
  'response' => '{ "ERROR" : "Token or Key are invalids" }',
) [] []
[2021-04-25 19:15:24] main.DEBUG: array (
  'url' => 'https://sandbox.moip.com.br/v2/orders',
  'request' => '{"ownId":"000000020","amount":{"currency":"USD","total":2200,"subtotals":{"shipping":500,"discount":-0,"addition":0}},"items":[{"product":"Argus All-Weather Tank","quantity":1,"detail":"MT07-S-Gray","price":2200}],"customer":{"taxDocument":{"type":"CPF","number":"40107347873"},"ownId":"srjuliocesart@gmail.com","fullname":"Julio Pinheiro","company":"","phone":{"countryCode":55,"areaCode":18,"number":981783285},"email":"srjuliocesart@gmail.com","birthDate":"1985-10-10","billingAddresses":{"zipCode":"16011073","street":"Rua Goulart 155","streetNumber":"","district":"","complement":"Rua Goulart 155","city":"Ara\\u00e7atuba","state":"SP","country":"BRA"},"shippingAddress":{"zipCode":"16011073","street":"Rua Goulart 155","streetNumber":"","district":"","complement":"Rua Goulart 155","city":"Ara\\u00e7atuba","state":"SP","country":"BRA"}},"device":{"ip":"172.20.0.12","userAgent":"Mozilla\\/5.0 (X11; Linux x86_64) AppleWebKit\\/537.36 (KHTML, like Gecko) Chrome\\/89.0.4389.128 Safari\\/537.36"}}',
  'response' => '{ "ERROR" : "Token or Key are invalids" }',
) [] []
[2021-04-25 19:17:40] main.DEBUG: array (
  'url' => 'https://sandbox.moip.com.br/v2/orders',
  'request' => '{"ownId":"000000021","amount":{"currency":"USD","total":2200,"subtotals":{"shipping":500,"discount":-0,"addition":0}},"items":[{"product":"Argus All-Weather Tank","quantity":1,"detail":"MT07-S-Gray","price":2200}],"customer":{"taxDocument":{"type":"CPF","number":"40107347873"},"ownId":"srjuliocesart@gmail.com","fullname":"Julio Pinheiro","company":"","phone":{"countryCode":55,"areaCode":18,"number":981783285},"email":"srjuliocesart@gmail.com","birthDate":"1985-10-10","billingAddresses":{"zipCode":"16011073","street":"Rua Goulart 155","streetNumber":"","district":"","complement":"Rua Goulart 155","city":"Ara\\u00e7atuba","state":"SP","country":"BRA"},"shippingAddress":{"zipCode":"16011073","street":"Rua Goulart 155","streetNumber":"","district":"","complement":"Rua Goulart 155","city":"Ara\\u00e7atuba","state":"SP","country":"BRA"}},"device":{"ip":"172.20.0.12","userAgent":"Mozilla\\/5.0 (X11; Linux x86_64) AppleWebKit\\/537.36 (KHTML, like Gecko) Chrome\\/89.0.4389.128 Safari\\/537.36"}}',
  'response' => '{"errors":[{"code":"-","path":"amount.currency","description":"Valor inválido para o campo, consulte a documentação"}]}',
) [] []
[2021-04-25 19:21:57] main.DEBUG: array (
  'url' => 'https://sandbox.moip.com.br/v2/orders',
  'request' => '{"ownId":"000000022","amount":{"currency":"USD","total":2200,"subtotals":{"shipping":500,"discount":-0,"addition":0}},"items":[{"product":"Argus All-Weather Tank","quantity":1,"detail":"MT07-S-Gray","price":2200}],"customer":{"taxDocument":{"type":"CPF","number":"40107347873"},"ownId":"srjuliocesart@gmail.com","fullname":"Julio Pinheiro","company":"","phone":{"countryCode":55,"areaCode":18,"number":981783285},"email":"srjuliocesart@gmail.com","birthDate":"1985-10-10","billingAddresses":{"zipCode":"16011073","street":"Rua Goulart 155","streetNumber":"","district":"","complement":"Rua Goulart 155","city":"Ara\\u00e7atuba","state":"SP","country":"BRA"},"shippingAddress":{"zipCode":"16011073","street":"Rua Goulart 155","streetNumber":"","district":"","complement":"Rua Goulart 155","city":"Ara\\u00e7atuba","state":"SP","country":"BRA"}},"device":{"ip":"172.20.0.12","userAgent":"Mozilla\\/5.0 (X11; Linux x86_64) AppleWebKit\\/537.36 (KHTML, like Gecko) Chrome\\/89.0.4389.128 Safari\\/537.36"}}',
  'response' => '{"errors":[{"code":"-","path":"amount.currency","description":"Valor inválido para o campo, consulte a documentação"}]}',
) [] []
[2021-04-25 19:25:09] main.DEBUG: array (
  'url' => 'https://sandbox.moip.com.br/v2/orders',
  'request' => '{"ownId":"000000023","amount":{"currency":"USD","total":2200,"subtotals":{"shipping":500,"discount":-0,"addition":0}},"items":[{"product":"Argus All-Weather Tank","quantity":1,"detail":"MT07-S-Gray","price":2200}],"customer":{"taxDocument":{"type":"CPF","number":"40107347873"},"ownId":"srjuliocesart@gmail.com","fullname":"Julio Pinheiro","company":"","phone":{"countryCode":55,"areaCode":18,"number":981783285},"email":"srjuliocesart@gmail.com","birthDate":"1985-10-10","billingAddresses":{"zipCode":"16011073","street":"Rua Goulart 155","streetNumber":"","district":"","complement":"Rua Goulart 155","city":"Ara\\u00e7atuba","state":"SP","country":"BRA"},"shippingAddress":{"zipCode":"16011073","street":"Rua Goulart 155","streetNumber":"","district":"","complement":"Rua Goulart 155","city":"Ara\\u00e7atuba","state":"SP","country":"BRA"}},"device":{"ip":"172.20.0.12","userAgent":"Mozilla\\/5.0 (X11; Linux x86_64) AppleWebKit\\/537.36 (KHTML, like Gecko) Chrome\\/89.0.4389.128 Safari\\/537.36"}}',
  'response' => '{"errors":[{"code":"-","path":"amount.currency","description":"Valor inválido para o campo, consulte a documentação"}]}',
) [] []
[2021-04-25 19:26:40] main.DEBUG: array (
  'url' => 'https://sandbox.moip.com.br/v2/orders',
  'request' => '{"ownId":"000000024","amount":{"currency":"USD","total":2200,"subtotals":{"shipping":500,"discount":-0,"addition":0}},"items":[{"product":"Argus All-Weather Tank","quantity":1,"detail":"MT07-S-Gray","price":2200}],"customer":{"taxDocument":{"type":"CPF","number":"40107347873"},"ownId":"srjuliocesart@gmail.com","fullname":"Julio Pinheiro","company":"","phone":{"countryCode":55,"areaCode":18,"number":981783285},"email":"srjuliocesart@gmail.com","birthDate":"1985-10-10","billingAddresses":{"zipCode":"16011073","street":"Rua Goulart 155","streetNumber":"","district":"","complement":"Rua Goulart 155","city":"Ara\\u00e7atuba","state":"SP","country":"BRA"},"shippingAddress":{"zipCode":"16011073","street":"Rua Goulart 155","streetNumber":"","district":"","complement":"Rua Goulart 155","city":"Ara\\u00e7atuba","state":"SP","country":"BRA"}},"device":{"ip":"172.20.0.12","userAgent":"Mozilla\\/5.0 (X11; Linux x86_64) AppleWebKit\\/537.36 (KHTML, like Gecko) Chrome\\/89.0.4389.128 Safari\\/537.36"}}',
  'response' => '{"errors":[{"code":"-","path":"amount.currency","description":"Valor inválido para o campo, consulte a documentação"}]}',
) [] []
[2021-04-25 19:27:02] main.DEBUG: array (
  'url' => 'https://sandbox.moip.com.br/v2/orders',
  'request' => '{"ownId":"000000025","amount":{"currency":"USD","total":2200,"subtotals":{"shipping":500,"discount":-0,"addition":0}},"items":[{"product":"Argus All-Weather Tank","quantity":1,"detail":"MT07-S-Gray","price":2200}],"customer":{"taxDocument":{"type":"CPF","number":"40107347873"},"ownId":"srjuliocesart@gmail.com","fullname":"Julio Pinheiro","company":"","phone":{"countryCode":55,"areaCode":18,"number":981783285},"email":"srjuliocesart@gmail.com","birthDate":"1985-10-10","billingAddresses":{"zipCode":"16011073","street":"Rua Goulart 155","streetNumber":"","district":"","complement":"Rua Goulart 155","city":"Ara\\u00e7atuba","state":"SP","country":"BRA"},"shippingAddress":{"zipCode":"16011073","street":"Rua Goulart 155","streetNumber":"","district":"","complement":"Rua Goulart 155","city":"Ara\\u00e7atuba","state":"SP","country":"BRA"}},"device":{"ip":"172.20.0.12","userAgent":"Mozilla\\/5.0 (X11; Linux x86_64) AppleWebKit\\/537.36 (KHTML, like Gecko) Chrome\\/89.0.4389.128 Safari\\/537.36"}}',
  'response' => '{"errors":[{"code":"-","path":"amount.currency","description":"Valor inválido para o campo, consulte a documentação"}]}',
) [] []
[2021-04-25 19:39:33] main.DEBUG: array (
  'url' => 'https://sandbox.moip.com.br/v2/orders',
  'request' => '{"ownId":"000000026","amount":{"currency":"BRL","total":2200,"subtotals":{"shipping":500,"discount":-0,"addition":0}},"items":[{"product":"Argus All-Weather Tank","quantity":1,"detail":"MT07-M-Gray","price":2200}],"customer":{"taxDocument":{"type":"CPF","number":"40107347873"},"ownId":"srjuliocesart@gmail.com","fullname":"Julio Pinheiro","company":"","phone":{"countryCode":55,"areaCode":18,"number":981783285},"email":"srjuliocesart@gmail.com","birthDate":"1985-10-10","billingAddresses":{"zipCode":"16011073","street":"Rua Goulart 155","streetNumber":"","district":"","complement":"Rua Goulart 155","city":"Ara\\u00e7atuba","state":"SP","country":"BRA"},"shippingAddress":{"zipCode":"16011073","street":"Rua Goulart 155","streetNumber":"","district":"","complement":"Rua Goulart 155","city":"Ara\\u00e7atuba","state":"SP","country":"BRA"}},"device":{"ip":"172.20.0.12","userAgent":"Mozilla\\/5.0 (X11; Linux x86_64) AppleWebKit\\/537.36 (KHTML, like Gecko) Chrome\\/89.0.4389.128 Safari\\/537.36"}}',
  'response' => '{"id":"ORD-B20XH5VR93FB","ownId":"000000026","status":"CREATED","platform":"V2","createdAt":"2021-04-25T16:39:33.559-03","updatedAt":"2021-04-25T16:39:33.559-03","amount":{"paid":0,"total":2700,"fees":0,"refunds":0,"liquid":0,"otherReceivers":0,"currency":"BRL","subtotals":{"shipping":500,"addition":0,"discount":0,"items":2200}},"items":[{"product":"Argus All-Weather Tank","price":2200,"detail":"MT07-M-Gray","quantity":1}],"customer":{"id":"CUS-4QAHQ91LJQRV","ownId":"srjuliocesart@gmail.com","fullname":"Julio Pinheiro","createdAt":"2021-04-25T16:39:33.561-03","updatedAt":"2021-04-25T16:39:33.565-03","birthDate":"1985-10-10","email":"srjuliocesart@gmail.com","phone":{"countryCode":"55","areaCode":"18","number":"81783285"},"taxDocument":{"type":"CPF","number":"40107347873"},"shippingAddress":{"zipCode":"16011073","street":"Rua Goulart 155","streetNumber":"","complement":"Rua Goulart 155","city":"Araçatuba","district":"","state":"SP","country":"BRA"},"moipAccount":{"id":"MPA-FC3912321590"},"_links":{"self":{"href":"https://sandbox.moip.com.br/v2/customers/CUS-4QAHQ91LJQRV"},"hostedAccount":{"redirectHref":"https://hostedaccount-sandbox.moip.com.br?token=424e29fb-bc76-4340-be02-c46334f95393&id=CUS-4QAHQ91LJQRV&mpa=MPA-FC3912321590"}}},"payments":[],"escrows":[],"refunds":[],"entries":[],"events":[{"type":"ORDER.CREATED","createdAt":"2021-04-25T16:39:33.559-03","description":""}],"receivers":[{"moipAccount":{"id":"MPA-FC3912321590","login":"srjuliocesart@gmail.com","fullname":"Julio Cesar Pinheiro"},"type":"PRIMARY","amount":{"total":2700,"currency":"BRL","fees":0,"refunds":0},"feePayor":true}],"shippingAddress":{"zipCode":"16011073","street":"Rua Goulart 155","streetNumber":"","complement":"Rua Goulart 155","city":"Araçatuba","district":"","state":"SP","country":"BRA"},"channel":{"externalId":"APP-9MUFQ39Y4CQU"},"_links":{"self":{"href":"https://sandbox.moip.com.br/v2/orders/ORD-B20XH5VR93FB"},"checkout":{"payCheckout":{"redirectHref":"https://checkout-new-sandbox.moip.com.br?token=c3da8f53-a0fd-4a99-99b2-b12c32c0ee67&id=ORD-B20XH5VR93FB"},"payCreditCard":{"redirectHref":"https://checkout-new-sandbox.moip.com.br?token=c3da8f53-a0fd-4a99-99b2-b12c32c0ee67&id=ORD-B20XH5VR93FB&payment-method=credit-card"},"payBoleto":{"redirectHref":"https://checkout-new-sandbox.moip.com.br?token=c3da8f53-a0fd-4a99-99b2-b12c32c0ee67&id=ORD-B20XH5VR93FB&payment-method=boleto"},"payOnlineBankDebitItau":{"redirectHref":"https://checkout-sandbox.moip.com.br/debit/itau/ORD-B20XH5VR93FB"}}}}',
) [] []
[2021-04-25 19:39:34] main.DEBUG: array (
  'url' => 'https://sandbox.moip.com.br/v2/ORD-B20XH5VR93FB/payments',
  'send' => '{"installmentCount":"1","statementDescriptor":"localhost","fundingInstrument":{"method":"CREDIT_CARD","creditCard":{"hash":"D9pBn5qaX6mnkIOQmTqUcefq9x2WFAVvZg6ZTLwpgFdka22Ai4hY28tozKnZip7LOGV5CPr1I0dmCmZX5CrnEvobhecBYA7IKxoHzxTCz8J4o5eEe13zGqYbrT\\/6+IzOo7xG3mpRAyNtSeD4pcrKmESd4+CcUVnR8Wq5bpRDfpDQydO+otECpM9B2wXZbsBheqFkUXdS1S7eXOKvKTdrSWTVvQg+azs7s4wBGhaV9AHGX7WRGBjz43YO7e7fLu3qfWm8tucWwgci1+CpwD6NbIkQ46wFwPppwf4NxkSbHtA2I2923DpVz1ikWPmRu0H\\/vjNmvOeDQTjvvsqFbR4v9w==","store":false,"holder":{"fullname":"Julio Cesar Pinheiro","birthdate":"1970-01-01","phone":{"countryCode":55,"areaCode":18,"number":981783285},"taxDocument":{"type":"CPF","number":"40107347873"},"billingAddress":{"zipCode":"16011073","street":"Rua Goulart 155","streetNumber":"","district":"Rua Goulart 155","complement":"Rua Goulart 155","city":"Ara\\u00e7atuba","state":"SP","country":"BR"}}}}}',
  'response' => '{"id":"PAY-PU1C2XTSSVCH","status":"IN_ANALYSIS","delayCapture":false,"amount":{"total":2700,"gross":2700,"fees":0,"refunds":0,"liquid":2700,"currency":"BRL"},"installmentCount":1,"statementDescriptor":"localhost","fundingInstrument":{"creditCard":{"brand":"VISA","first6":"474747","last4":"4747","store":false,"holder":{"birthdate":"1970-01-01","birthDate":"1970-01-01","taxDocument":{"type":"CPF","number":"40107347873"},"billingAddress":{"street":"Rua Goulart 155","streetNumber":"","complement":"Rua Goulart 155","district":"Rua Goulart 155","city":"Araçatuba","state":"SP","country":"BR","zipCode":"16011073"},"fullname":"Julio Cesar Pinheiro"}},"method":"CREDIT_CARD"},"acquirerDetails":{"authorizationNumber":"T12996","taxDocument":{"type":"CNPJ","number":"01027058000191"}},"fees":[{"type":"TRANSACTION","amount":0}],"events":[{"type":"PAYMENT.IN_ANALYSIS","createdAt":"2021-04-25T16:39:34.751-03"},{"type":"PAYMENT.CREATED","createdAt":"2021-04-25T16:39:34.512-03"}],"receivers":[{"moipAccount":{"id":"MPA-FC3912321590","login":"srjuliocesart@gmail.com","fullname":"Julio Cesar Pinheiro"},"type":"PRIMARY","amount":{"total":2700,"currency":"BRL","fees":0,"refunds":0},"feePayor":true}],"_links":{"self":{"href":"https://sandbox.moip.com.br/v2/payments/PAY-PU1C2XTSSVCH"},"order":{"href":"https://sandbox.moip.com.br/v2/orders/ORD-B20XH5VR93FB","title":"ORD-B20XH5VR93FB"}},"createdAt":"2021-04-25T16:39:34.511-03","updatedAt":"2021-04-25T16:39:34.751-03"}',
) [] []
